# JRE version: OpenJDK Runtime Environment (14.0.2+12) (build 14.0.2+12-46)
# Java VM: OpenJDK 64-Bit Server VM (14.0.2+12-46, mixed mode, tiered, compressed oops, g1 gc, windows-amd64)
Heap:
 garbage-first heap   total 671744K, used 150228K [0x0000000081e00000, 0x0000000100000000)
  region size 1024K, 0 young (0K), 0 survivors (0K)
 Metaspace       used 9774K, capacity 9887K, committed 10240K, reserved 1058816K
  class space    used 873K, capacity 909K, committed 1024K, reserved 1048576K
GC Heap History (8 events):
Event: 241.155 GC heap before
{Heap before GC invocations=0 (full 0):
 garbage-first heap   total 131072K, used 47104K [0x0000000081e00000, 0x0000000100000000)
  region size 1024K, 7 young (7168K), 0 survivors (0K)
 Metaspace       used 9774K, capacity 9887K, committed 10240K, reserved 1058816K
  class space    used 873K, capacity 909K, committed 1024K, reserved 1048576K
}
Event: 241.158 GC heap after
{Heap after GC invocations=1 (full 0):
 garbage-first heap   total 131072K, used 21199K [0x0000000081e00000, 0x0000000100000000)
  region size 1024K, 2 young (2048K), 2 survivors (2048K)
 Metaspace       used 9774K, capacity 9887K, committed 10240K, reserved 1058816K
  class space    used 873K, capacity 909K, committed 1024K, reserved 1048576K
}
Event: 272.439 GC heap before
{Heap before GC invocations=2 (full 0):
 garbage-first heap   total 131072K, used 59087K [0x0000000081e00000, 0x0000000100000000)
  region size 1024K, 2 young (2048K), 2 survivors (2048K)
 Metaspace       used 9774K, capacity 9887K, committed 10240K, reserved 1058816K
  class space    used 873K, capacity 909K, committed 1024K, reserved 1048576K
}
Event: 272.442 GC heap after
{Heap after GC invocations=3 (full 0):
 garbage-first heap   total 131072K, used 39636K [0x0000000081e00000, 0x0000000100000000)
  region size 1024K, 0 young (0K), 0 survivors (0K)
 Metaspace       used 9774K, capacity 9887K, committed 10240K, reserved 1058816K
  class space    used 873K, capacity 909K, committed 1024K, reserved 1048576K
}
Event: 343.985 GC heap before
{Heap before GC invocations=4 (full 0):
 garbage-first heap   total 205824K, used 114388K [0x0000000081e00000, 0x0000000100000000)
  region size 1024K, 0 young (0K), 0 survivors (0K)
 Metaspace       used 9774K, capacity 9887K, committed 10240K, reserved 1058816K
  class space    used 873K, capacity 909K, committed 1024K, reserved 1048576K
}
Event: 343.986 GC heap after
{Heap after GC invocations=5 (full 0):
 garbage-first heap   total 205824K, used 76500K [0x0000000081e00000, 0x0000000100000000)
  region size 1024K, 0 young (0K), 0 survivors (0K)
 Metaspace       used 9774K, capacity 9887K, committed 10240K, reserved 1058816K
  class space    used 873K, capacity 909K, committed 1024K, reserved 1048576K
}
Event: 471.229 GC heap before
{Heap before GC invocations=6 (full 0):
 garbage-first heap   total 375808K, used 224980K [0x0000000081e00000, 0x0000000100000000)
  region size 1024K, 0 young (0K), 0 survivors (0K)
 Metaspace       used 9774K, capacity 9887K, committed 10240K, reserved 1058816K
  class space    used 873K, capacity 909K, committed 1024K, reserved 1048576K
}
Event: 471.951 GC heap after
{Heap after GC invocations=7 (full 0):
 garbage-first heap   total 375808K, used 150228K [0x0000000081e00000, 0x0000000100000000)
  region size 1024K, 0 young (0K), 0 survivors (0K)
 Metaspace       used 9774K, capacity 9887K, committed 10240K, reserved 1058816K
  class space    used 873K, capacity 909K, committed 1024K, reserved 1048576K
}

